TN:
SF:02-ratelimitter.js
FN:19,ratelimiter2
FN:38,ratelimiter
FNF:2
FNH:1
FNDA:0,ratelimiter2
FNDA:13,ratelimiter
DA:1,1
DA:2,1
DA:3,1
DA:4,1
DA:5,1
DA:6,1
DA:7,1
DA:8,1
DA:9,1
DA:10,1
DA:11,1
DA:12,1
DA:13,1
DA:14,1
DA:15,1
DA:16,2
DA:17,1
DA:18,1
DA:19,0
DA:20,0
DA:21,0
DA:22,0
DA:23,0
DA:24,0
DA:25,0
DA:26,0
DA:27,0
DA:28,0
DA:29,0
DA:30,0
DA:31,0
DA:32,0
DA:33,0
DA:34,0
DA:35,0
DA:36,0
DA:37,1
DA:38,13
DA:39,13
DA:40,13
DA:41,11
DA:42,8
DA:43,11
DA:44,3
DA:45,3
DA:46,13
DA:47,2
DA:48,2
DA:49,2
DA:50,2
DA:51,2
DA:52,2
DA:53,13
DA:54,1
DA:55,1
DA:56,1
DA:57,1
DA:58,5
DA:59,1
DA:60,1
DA:61,1
DA:62,0
DA:63,1
DA:64,1
DA:65,1
LF:65
LH:46
BRDA:15,0,0,2
BRDA:38,1,0,13
BRDA:40,2,0,11
BRDA:41,3,0,8
BRDA:43,4,0,3
BRDA:46,5,0,2
BRDA:57,6,0,5
BRF:7
BRH:7
end_of_record
